<?xml version="1.0" encoding="UTF-8"?>
<testng-results skipped="0" failed="0" ignored="0" total="1" passed="1">
  <reporter-output>
  </reporter-output>
  <suite name="Default suite" duration-ms="15105" started-at="2018-01-11T21:17:37Z" finished-at="2018-01-11T21:17:52Z">
    <groups>
    </groups>
    <test name="Default test" duration-ms="15105" started-at="2018-01-11T21:17:37Z" finished-at="2018-01-11T21:17:52Z">
      <class name="smoketests.ATagsTest">
        <test-method status="PASS" signature="setUp()[pri:0, instance:smoketests.ATagsTest@7e2d773b]" name="setUp" is-config="true" duration-ms="12271" started-at="2018-01-11T15:17:37Z" finished-at="2018-01-11T15:17:49Z">
          <reporter-output>
          </reporter-output>
        </test-method> <!-- setUp -->
        <test-method status="PASS" signature="loginElementsPresentTest()[pri:0, instance:smoketests.ATagsTest@7e2d773b]" name="loginElementsPresentTest" duration-ms="590" started-at="2018-01-11T15:17:49Z" finished-at="2018-01-11T15:17:50Z">
          <reporter-output>
          </reporter-output>
        </test-method> <!-- loginElementsPresentTest -->
        <test-method status="PASS" signature="tearDown()[pri:0, instance:smoketests.ATagsTest@7e2d773b]" name="tearDown" is-config="true" duration-ms="2176" started-at="2018-01-11T15:17:50Z" finished-at="2018-01-11T15:17:52Z">
          <reporter-output>
          </reporter-output>
        </test-method> <!-- tearDown -->
      </class> <!-- smoketests.ATagsTest -->
    </test> <!-- Default test -->
  </suite> <!-- Default suite -->
</testng-results>
